# JRE version: Java(TM) SE Runtime Environment (10.0.2+13) (build 10.0.2+13)
# Java VM: Java HotSpot(TM) 64-Bit Server VM (10.0.2+13, mixed mode, tiered, compressed oops, g1 gc, windows-amd64)
Heap:
 garbage-first heap   total 131072K, used 25938K [0x0000000080c00000, 0x0000000100000000)
  region size 1024K, 6 young (6144K), 4 survivors (4096K)
 Metaspace       used 29551K, capacity 30474K, committed 30844K, reserved 1077248K
  class space    used 3516K, capacity 3947K, committed 3964K, reserved 1048576K
GC Heap History (6 events):
Event: 1.810 GC heap before
{Heap before GC invocations=0 (full 0):
 garbage-first heap   total 131072K, used 23552K [0x0000000080c00000, 0x0000000100000000)
  region size 1024K, 24 young (24576K), 0 survivors (0K)
 Metaspace       used 20559K, capacity 21138K, committed 21296K, reserved 1067008K
  class space    used 2542K, capacity 2850K, committed 2864K, reserved 1048576K
}
Event: 1.821 GC heap after
{Heap after GC invocations=1 (full 0):
 garbage-first heap   total 131072K, used 6038K [0x0000000080c00000, 0x0000000100000000)
  region size 1024K, 3 young (3072K), 3 survivors (3072K)
 Metaspace       used 20559K, capacity 21138K, committed 21296K, reserved 1067008K
  class space    used 2542K, capacity 2850K, committed 2864K, reserved 1048576K
}
Event: 1.951 GC heap before
{Heap before GC invocations=2 (full 0):
 garbage-first heap   total 131072K, used 9110K [0x0000000080c00000, 0x0000000100000000)
  region size 1024K, 6 young (6144K), 3 survivors (3072K)
 Metaspace       used 21751K, capacity 22428K, committed 22908K, reserved 1069056K
  class space    used 2766K, capacity 3111K, committed 3196K, reserved 1048576K
}
Event: 1.962 GC heap after
{Heap after GC invocations=3 (full 0):
 garbage-first heap   total 131072K, used 6701K [0x0000000080c00000, 0x0000000100000000)
  region size 1024K, 1 young (1024K), 1 survivors (1024K)
 Metaspace       used 21751K, capacity 22428K, committed 22908K, reserved 1069056K
  class space    used 2766K, capacity 3111K, committed 3196K, reserved 1048576K
}
Event: 72.826 GC heap before
{Heap before GC invocations=4 (full 0):
 garbage-first heap   total 131072K, used 80429K [0x0000000080c00000, 0x0000000100000000)
  region size 1024K, 32 young (32768K), 1 survivors (1024K)
 Metaspace       used 29542K, capacity 30410K, committed 30588K, reserved 1075200K
  class space    used 3516K, capacity 3947K, committed 3964K, reserved 1048576K
}
Event: 72.833 GC heap after
{Heap after GC invocations=5 (full 0):
 garbage-first heap   total 131072K, used 24914K [0x0000000080c00000, 0x0000000100000000)
  region size 1024K, 4 young (4096K), 4 survivors (4096K)
 Metaspace       used 29542K, capacity 30410K, committed 30588K, reserved 1075200K
  class space    used 3516K, capacity 3947K, committed 3964K, reserved 1048576K
}

