# JRE version: Java(TM) SE Runtime Environment (10.0.2+13) (build 10.0.2+13)
# Java VM: Java HotSpot(TM) 64-Bit Server VM (10.0.2+13, mixed mode, tiered, compressed oops, g1 gc, windows-amd64)
Heap:
 garbage-first heap   total 262144K, used 14336K [0x00000006c1200000, 0x00000007c0000000)
  region size 1024K, 6 young (6144K), 4 survivors (4096K)
 Metaspace       used 29405K, capacity 30282K, committed 30588K, reserved 1075200K
  class space    used 3508K, capacity 3904K, committed 3964K, reserved 1048576K
GC Heap History (6 events):
Event: 0.506 GC heap before
{Heap before GC invocations=0 (full 0):
 garbage-first heap   total 262144K, used 14336K [0x00000006c1200000, 0x00000007c0000000)
  region size 1024K, 14 young (14336K), 0 survivors (0K)
 Metaspace       used 13734K, capacity 14138K, committed 14464K, reserved 1062912K
  class space    used 1461K, capacity 1638K, committed 1664K, reserved 1048576K
}
Event: 0.510 GC heap after
{Heap after GC invocations=1 (full 0):
 garbage-first heap   total 262144K, used 4114K [0x00000006c1200000, 0x00000007c0000000)
  region size 1024K, 2 young (2048K), 2 survivors (2048K)
 Metaspace       used 13734K, capacity 14138K, committed 14464K, reserved 1062912K
  class space    used 1461K, capacity 1638K, committed 1664K, reserved 1048576K
}
Event: 1.117 GC heap before
{Heap before GC invocations=1 (full 0):
 garbage-first heap   total 262144K, used 12306K [0x00000006c1200000, 0x00000007c0000000)
  region size 1024K, 11 young (11264K), 2 survivors (2048K)
 Metaspace       used 20479K, capacity 21134K, committed 21296K, reserved 1067008K
  class space    used 2514K, capacity 2850K, committed 2864K, reserved 1048576K
}
Event: 1.121 GC heap after
{Heap after GC invocations=2 (full 0):
 garbage-first heap   total 262144K, used 6226K [0x00000006c1200000, 0x00000007c0000000)
  region size 1024K, 2 young (2048K), 2 survivors (2048K)
 Metaspace       used 20479K, capacity 21134K, committed 21296K, reserved 1067008K
  class space    used 2514K, capacity 2850K, committed 2864K, reserved 1048576K
}
Event: 29.933 GC heap before
{Heap before GC invocations=3 (full 0):
 garbage-first heap   total 262144K, used 37970K [0x00000006c1200000, 0x00000007c0000000)
  region size 1024K, 25 young (25600K), 2 survivors (2048K)
 Metaspace       used 29317K, capacity 30210K, committed 30588K, reserved 1075200K
  class space    used 3501K, capacity 3901K, committed 3964K, reserved 1048576K
}
Event: 29.942 GC heap after
{Heap after GC invocations=4 (full 0):
 garbage-first heap   total 262144K, used 16384K [0x00000006c1200000, 0x00000007c0000000)
  region size 1024K, 4 young (4096K), 4 survivors (4096K)
 Metaspace       used 29317K, capacity 30210K, committed 30588K, reserved 1075200K
  class space    used 3501K, capacity 3901K, committed 3964K, reserved 1048576K
}

