# JRE version: Java(TM) SE Runtime Environment (10.0.2+13) (build 10.0.2+13)
# Java VM: Java HotSpot(TM) 64-Bit Server VM (10.0.2+13, mixed mode, tiered, compressed oops, g1 gc, windows-amd64)
Heap:
 garbage-first heap   total 131072K, used 20598K [0x0000000080c00000, 0x0000000100000000)
  region size 1024K, 5 young (5120K), 3 survivors (3072K)
 Metaspace       used 29641K, capacity 30493K, committed 30844K, reserved 1077248K
  class space    used 3532K, capacity 3951K, committed 3964K, reserved 1048576K
GC Heap History (6 events):
Event: 2.033 GC heap before
{Heap before GC invocations=0 (full 0):
 garbage-first heap   total 131072K, used 23552K [0x0000000080c00000, 0x0000000100000000)
  region size 1024K, 24 young (24576K), 0 survivors (0K)
 Metaspace       used 20477K, capacity 21138K, committed 21296K, reserved 1067008K
  class space    used 2513K, capacity 2850K, committed 2864K, reserved 1048576K
}
Event: 2.050 GC heap after
{Heap after GC invocations=1 (full 0):
 garbage-first heap   total 131072K, used 6121K [0x0000000080c00000, 0x0000000100000000)
  region size 1024K, 3 young (3072K), 3 survivors (3072K)
 Metaspace       used 20477K, capacity 21138K, committed 21296K, reserved 1067008K
  class space    used 2513K, capacity 2850K, committed 2864K, reserved 1048576K
}
Event: 2.785 GC heap before
{Heap before GC invocations=2 (full 0):
 garbage-first heap   total 131072K, used 12265K [0x0000000080c00000, 0x0000000100000000)
  region size 1024K, 7 young (7168K), 3 survivors (3072K)
 Metaspace       used 22339K, capacity 23073K, committed 23420K, reserved 1069056K
  class space    used 2820K, capacity 3157K, committed 3196K, reserved 1048576K
}
Event: 2.802 GC heap after
{Heap after GC invocations=3 (full 0):
 garbage-first heap   total 131072K, used 9200K [0x0000000080c00000, 0x0000000100000000)
  region size 1024K, 1 young (1024K), 1 survivors (1024K)
 Metaspace       used 22339K, capacity 23073K, committed 23420K, reserved 1069056K
  class space    used 2820K, capacity 3157K, committed 3196K, reserved 1048576K
}
Event: 86.921 GC heap before
{Heap before GC invocations=3 (full 0):
 garbage-first heap   total 131072K, used 77808K [0x0000000080c00000, 0x0000000100000000)
  region size 1024K, 21 young (21504K), 1 survivors (1024K)
 Metaspace       used 29637K, capacity 30493K, committed 30844K, reserved 1077248K
  class space    used 3532K, capacity 3951K, committed 3964K, reserved 1048576K
}
Event: 86.931 GC heap after
{Heap after GC invocations=4 (full 0):
 garbage-first heap   total 131072K, used 38006K [0x0000000080c00000, 0x0000000100000000)
  region size 1024K, 3 young (3072K), 3 survivors (3072K)
 Metaspace       used 29637K, capacity 30493K, committed 30844K, reserved 1077248K
  class space    used 3532K, capacity 3951K, committed 3964K, reserved 1048576K
}

